[1128/155133.395:ERROR:process_reader_win.cc(123)] NtOpenThread: {Access Denied} A process has requested access to an object, but has not been granted those access rights. (0xc0000022)
[1128/155133.397:ERROR:exception_snapshot_win.cc(99)] thread ID 14996 not found in process
[1128/155133.407:ERROR:process_reader_win.cc(123)] NtOpenThread: {Access Denied} A process has requested access to an object, but has not been granted those access rights. (0xc0000022)
[1128/155133.407:ERROR:exception_snapshot_win.cc(99)] thread ID 11072 not found in process
[1128/155154.326:ERROR:process_reader_win.cc(123)] NtOpenThread: {Access Denied} A process has requested access to an object, but has not been granted those access rights. (0xc0000022)
[1128/155154.328:ERROR:exception_snapshot_win.cc(99)] thread ID 21412 not found in process
[1128/155154.338:ERROR:process_reader_win.cc(123)] NtOpenThread: {Access Denied} A process has requested access to an object, but has not been granted those access rights. (0xc0000022)
[1128/155154.338:ERROR:exception_snapshot_win.cc(99)] thread ID 1732 not found in process
[1128/155229.589:ERROR:process_reader_win.cc(123)] NtOpenThread: {Access Denied} A process has requested access to an object, but has not been granted those access rights. (0xc0000022)
[1128/155229.590:ERROR:exception_snapshot_win.cc(99)] thread ID 4256 not found in process
[1128/155229.602:ERROR:process_reader_win.cc(123)] NtOpenThread: {Access Denied} A process has requested access to an object, but has not been granted those access rights. (0xc0000022)
[1128/155229.602:ERROR:exception_snapshot_win.cc(99)] thread ID 19744 not found in process
[1128/155413.205:ERROR:process_reader_win.cc(123)] NtOpenThread: {Access Denied} A process has requested access to an object, but has not been granted those access rights. (0xc0000022)
[1128/155413.206:ERROR:exception_snapshot_win.cc(99)] thread ID 12008 not found in process
[1128/155413.206:ERROR:process_reader_win.cc(123)] NtOpenThread: {Access Denied} A process has requested access to an object, but has not been granted those access rights. (0xc0000022)
[1128/155413.206:ERROR:exception_snapshot_win.cc(99)] thread ID 9544 not found in process
[1128/155413.220:ERROR:process_reader_win.cc(123)] NtOpenThread: {Access Denied} A process has requested access to an object, but has not been granted those access rights. (0xc0000022)
[1128/155413.220:ERROR:exception_snapshot_win.cc(99)] thread ID 1732 not found in process
[1128/163901.854:ERROR:process_reader_win.cc(123)] NtOpenThread: {Access Denied} A process has requested access to an object, but has not been granted those access rights. (0xc0000022)
[1128/163901.855:ERROR:exception_snapshot_win.cc(99)] thread ID 22384 not found in process
[1128/163901.854:ERROR:process_reader_win.cc(123)] NtOpenThread: {Access Denied} A process has requested access to an object, but has not been granted those access rights. (0xc0000022)
[1128/163901.856:ERROR:exception_snapshot_win.cc(99)] thread ID 22396 not found in process
[1128/163901.854:ERROR:process_reader_win.cc(151)] SuspendThread: Access is denied. (0x5)
[1128/163901.854:ERROR:process_reader_win.cc(151)] SuspendThread: Access is denied. (0x5)
[1128/163901.854:ERROR:process_reader_win.cc(123)] NtOpenThread: {Access Denied} A process has requested access to an object, but has not been granted those access rights. (0xc0000022)
[1128/163901.854:ERROR:process_reader_win.cc(151)] SuspendThread: Access is denied. (0x5)
[1128/163901.856:ERROR:exception_snapshot_win.cc(99)] thread ID 22372 not found in process
[1128/163901.856:ERROR:process_reader_win.cc(123)] NtOpenThread: {Access Denied} A process has requested access to an object, but has not been granted those access rights. (0xc0000022)
[1128/163901.856:ERROR:exception_snapshot_win.cc(99)] thread ID 22444 not found in process
[1128/163901.856:ERROR:process_reader_win.cc(123)] NtOpenThread: {Access Denied} A process has requested access to an object, but has not been granted those access rights. (0xc0000022)
[1128/163901.856:ERROR:exception_snapshot_win.cc(99)] thread ID 22428 not found in process
[1128/163901.856:ERROR:process_reader_win.cc(123)] NtOpenThread: {Access Denied} A process has requested access to an object, but has not been granted those access rights. (0xc0000022)
[1128/163901.856:ERROR:exception_snapshot_win.cc(99)] thread ID 22416 not found in process
[1128/163901.894:ERROR:process_reader_win.cc(123)] NtOpenThread: {Access Denied} A process has requested access to an object, but has not been granted those access rights. (0xc0000022)
[1128/163901.894:ERROR:process_reader_win.cc(123)] NtOpenThread: {Access Denied} A process has requested access to an object, but has not been granted those access rights. (0xc0000022)
[1128/163901.894:ERROR:process_reader_win.cc(123)] NtOpenThread: {Access Denied} A process has requested access to an object, but has not been granted those access rights. (0xc0000022)
[1128/163901.894:ERROR:process_reader_win.cc(123)] NtOpenThread: {Access Denied} A process has requested access to an object, but has not been granted those access rights. (0xc0000022)
[1128/163901.894:ERROR:exception_snapshot_win.cc(99)] thread ID 22376 not found in process
[1128/163901.894:ERROR:process_reader_win.cc(123)] NtOpenThread: {Access Denied} A process has requested access to an object, but has not been granted those access rights. (0xc0000022)
[1128/163901.894:ERROR:exception_snapshot_win.cc(99)] thread ID 22448 not found in process
[1128/163901.894:ERROR:exception_snapshot_win.cc(99)] thread ID 22420 not found in process
[1128/163901.894:ERROR:exception_snapshot_win.cc(99)] thread ID 22432 not found in process
[1128/163901.894:ERROR:exception_snapshot_win.cc(99)] thread ID 22400 not found in process
[1128/163901.896:ERROR:process_reader_win.cc(123)] NtOpenThread: {Access Denied} A process has requested access to an object, but has not been granted those access rights. (0xc0000022)
[1128/163901.896:ERROR:exception_snapshot_win.cc(99)] thread ID 22388 not found in process
[1128/164229.064:ERROR:process_reader_win.cc(123)] NtOpenThread: {Access Denied} A process has requested access to an object, but has not been granted those access rights. (0xc0000022)
[1128/164229.065:ERROR:exception_snapshot_win.cc(99)] thread ID 14692 not found in process
[1128/164229.064:ERROR:process_reader_win.cc(123)] NtOpenThread: {Access Denied} A process has requested access to an object, but has not been granted those access rights. (0xc0000022)
[1128/164229.065:ERROR:exception_snapshot_win.cc(99)] thread ID 1996 not found in process
[1128/164229.078:ERROR:process_reader_win.cc(123)] NtOpenThread: {Access Denied} A process has requested access to an object, but has not been granted those access rights. (0xc0000022)
[1128/164229.078:ERROR:exception_snapshot_win.cc(99)] thread ID 19784 not found in process
[1128/164253.280:ERROR:process_reader_win.cc(123)] NtOpenThread: {Access Denied} A process has requested access to an object, but has not been granted those access rights. (0xc0000022)
[1128/164253.280:ERROR:process_reader_win.cc(123)] NtOpenThread: {Access Denied} A process has requested access to an object, but has not been granted those access rights. (0xc0000022)
[1128/164253.280:ERROR:process_reader_win.cc(123)] NtOpenThread: {Access Denied} A process has requested access to an object, but has not been granted those access rights. (0xc0000022)
[1128/164253.281:ERROR:exception_snapshot_win.cc(99)] thread ID 20604 not found in process
[1128/164253.281:ERROR:exception_snapshot_win.cc(99)] thread ID 21248 not found in process
[1128/164253.296:ERROR:process_reader_win.cc(123)] NtOpenThread: {Access Denied} A process has requested access to an object, but has not been granted those access rights. (0xc0000022)
[1128/164253.296:ERROR:process_reader_win.cc(123)] NtOpenThread: {Access Denied} A process has requested access to an object, but has not been granted those access rights. (0xc0000022)
[1128/164253.296:ERROR:exception_snapshot_win.cc(99)] thread ID 17324 not found in process
[1128/164253.296:ERROR:exception_snapshot_win.cc(99)] thread ID 17056 not found in process
[1128/164326.700:ERROR:process_reader_win.cc(123)] NtOpenThread: {Access Denied} A process has requested access to an object, but has not been granted those access rights. (0xc0000022)
[1128/164326.701:ERROR:exception_snapshot_win.cc(99)] thread ID 19308 not found in process
[1128/164326.712:ERROR:process_reader_win.cc(123)] NtOpenThread: {Access Denied} A process has requested access to an object, but has not been granted those access rights. (0xc0000022)
[1128/164326.712:ERROR:exception_snapshot_win.cc(99)] thread ID 21148 not found in process
[1128/171536.630:ERROR:process_reader_win.cc(123)] NtOpenThread: {Access Denied} A process has requested access to an object, but has not been granted those access rights. (0xc0000022)
[1128/171536.630:ERROR:process_reader_win.cc(123)] NtOpenThread: {Access Denied} A process has requested access to an object, but has not been granted those access rights. (0xc0000022)
[1128/171536.632:ERROR:exception_snapshot_win.cc(99)] thread ID 18500 not found in process
[1128/171536.632:ERROR:exception_snapshot_win.cc(99)] thread ID 9328 not found in process
[1128/171536.630:ERROR:process_reader_win.cc(151)] SuspendThread: Access is denied. (0x5)
[1128/171536.630:ERROR:process_reader_win.cc(123)] NtOpenThread: {Access Denied} A process has requested access to an object, but has not been granted those access rights. (0xc0000022)
[1128/171536.632:ERROR:exception_snapshot_win.cc(99)] thread ID 14016 not found in process
[1128/171536.630:ERROR:process_reader_win.cc(151)] SuspendThread: Access is denied. (0x5)
[1128/171536.630:ERROR:process_reader_win.cc(151)] SuspendThread: Access is denied. (0x5)
[1128/171536.632:ERROR:process_reader_win.cc(123)] NtOpenThread: {Access Denied} A process has requested access to an object, but has not been granted those access rights. (0xc0000022)
[1128/171536.632:ERROR:exception_snapshot_win.cc(99)] thread ID 12976 not found in process
[1128/171536.632:ERROR:process_reader_win.cc(123)] NtOpenThread: {Access Denied} A process has requested access to an object, but has not been granted those access rights. (0xc0000022)
[1128/171536.632:ERROR:exception_snapshot_win.cc(99)] thread ID 16596 not found in process
[1128/171536.632:ERROR:process_reader_win.cc(123)] NtOpenThread: {Access Denied} A process has requested access to an object, but has not been granted those access rights. (0xc0000022)
[1128/171536.632:ERROR:exception_snapshot_win.cc(99)] thread ID 14400 not found in process
[1128/171536.665:ERROR:process_reader_win.cc(123)] NtOpenThread: {Access Denied} A process has requested access to an object, but has not been granted those access rights. (0xc0000022)
[1128/171536.665:ERROR:process_reader_win.cc(123)] NtOpenThread: {Access Denied} A process has requested access to an object, but has not been granted those access rights. (0xc0000022)
[1128/171536.665:ERROR:process_reader_win.cc(123)] NtOpenThread: {Access Denied} A process has requested access to an object, but has not been granted those access rights. (0xc0000022)
[1128/171536.665:ERROR:process_reader_win.cc(123)] NtOpenThread: {Access Denied} A process has requested access to an object, but has not been granted those access rights. (0xc0000022)
[1128/171536.665:ERROR:exception_snapshot_win.cc(99)] thread ID 22008 not found in process
[1128/171536.665:ERROR:process_reader_win.cc(123)] NtOpenThread: {Access Denied} A process has requested access to an object, but has not been granted those access rights. (0xc0000022)
[1128/171536.665:ERROR:process_reader_win.cc(123)] NtOpenThread: {Access Denied} A process has requested access to an object, but has not been granted those access rights. (0xc0000022)
[1128/171536.665:ERROR:exception_snapshot_win.cc(99)] thread ID 15332 not found in process
[1128/171536.665:ERROR:exception_snapshot_win.cc(99)] thread ID 21076 not found in process
[1128/171536.665:ERROR:exception_snapshot_win.cc(99)] thread ID 21280 not found in process
[1128/171536.665:ERROR:exception_snapshot_win.cc(99)] thread ID 22144 not found in process
[1128/171536.665:ERROR:exception_snapshot_win.cc(99)] thread ID 16808 not found in process
[1128/171633.203:ERROR:process_reader_win.cc(123)] NtOpenThread: {Access Denied} A process has requested access to an object, but has not been granted those access rights. (0xc0000022)
[1128/171633.205:ERROR:exception_snapshot_win.cc(99)] thread ID 3252 not found in process
[1128/171633.203:ERROR:process_reader_win.cc(123)] NtOpenThread: {Access Denied} A process has requested access to an object, but has not been granted those access rights. (0xc0000022)
[1128/171633.203:ERROR:process_reader_win.cc(123)] NtOpenThread: {Access Denied} A process has requested access to an object, but has not been granted those access rights. (0xc0000022)
[1128/171633.205:ERROR:exception_snapshot_win.cc(99)] thread ID 18896 not found in process
[1128/171633.205:ERROR:exception_snapshot_win.cc(99)] thread ID 8484 not found in process
[1128/171633.218:ERROR:process_reader_win.cc(123)] NtOpenThread: {Access Denied} A process has requested access to an object, but has not been granted those access rights. (0xc0000022)
[1128/171633.218:ERROR:exception_snapshot_win.cc(99)] thread ID 21212 not found in process
[1128/171633.218:ERROR:process_reader_win.cc(123)] NtOpenThread: {Access Denied} A process has requested access to an object, but has not been granted those access rights. (0xc0000022)
[1128/171633.218:ERROR:exception_snapshot_win.cc(99)] thread ID 1160 not found in process
[1128/171932.704:ERROR:process_reader_win.cc(123)] NtOpenThread: {Access Denied} A process has requested access to an object, but has not been granted those access rights. (0xc0000022)
[1128/171932.704:ERROR:process_reader_win.cc(123)] NtOpenThread: {Access Denied} A process has requested access to an object, but has not been granted those access rights. (0xc0000022)
[1128/171932.706:ERROR:exception_snapshot_win.cc(99)] thread ID 8360 not found in process
[1128/171932.706:ERROR:exception_snapshot_win.cc(99)] thread ID 21848 not found in process
[1128/171932.704:ERROR:process_reader_win.cc(123)] NtOpenThread: {Access Denied} A process has requested access to an object, but has not been granted those access rights. (0xc0000022)
[1128/171932.706:ERROR:exception_snapshot_win.cc(99)] thread ID 13692 not found in process
[1128/171932.704:ERROR:process_reader_win.cc(123)] NtOpenThread: {Access Denied} A process has requested access to an object, but has not been granted those access rights. (0xc0000022)
[1128/171932.706:ERROR:exception_snapshot_win.cc(99)] thread ID 2804 not found in process
[1128/171932.724:ERROR:process_reader_win.cc(123)] NtOpenThread: {Access Denied} A process has requested access to an object, but has not been granted those access rights. (0xc0000022)
[1128/171932.724:ERROR:process_reader_win.cc(123)] NtOpenThread: {Access Denied} A process has requested access to an object, but has not been granted those access rights. (0xc0000022)
[1128/171932.724:ERROR:exception_snapshot_win.cc(99)] thread ID 19076 not found in process
[1128/171932.724:ERROR:exception_snapshot_win.cc(99)] thread ID 19592 not found in process
[1128/171932.727:ERROR:process_reader_win.cc(123)] NtOpenThread: {Access Denied} A process has requested access to an object, but has not been granted those access rights. (0xc0000022)
[1128/171932.727:ERROR:exception_snapshot_win.cc(99)] thread ID 3472 not found in process
[1128/172009.212:ERROR:process_reader_win.cc(123)] NtOpenThread: {Access Denied} A process has requested access to an object, but has not been granted those access rights. (0xc0000022)
[1128/172009.213:ERROR:exception_snapshot_win.cc(99)] thread ID 20264 not found in process
[1128/172009.214:ERROR:process_reader_win.cc(123)] NtOpenThread: {Access Denied} A process has requested access to an object, but has not been granted those access rights. (0xc0000022)
[1128/172009.215:ERROR:exception_snapshot_win.cc(99)] thread ID 22108 not found in process
[1128/172009.214:ERROR:process_reader_win.cc(123)] NtOpenThread: {Access Denied} A process has requested access to an object, but has not been granted those access rights. (0xc0000022)
[1128/172009.215:ERROR:exception_snapshot_win.cc(99)] thread ID 21792 not found in process
[1128/172009.214:ERROR:process_reader_win.cc(123)] NtOpenThread: {Access Denied} A process has requested access to an object, but has not been granted those access rights. (0xc0000022)
[1128/172009.215:ERROR:exception_snapshot_win.cc(99)] thread ID 6160 not found in process
[1128/172009.236:ERROR:process_reader_win.cc(123)] NtOpenThread: {Access Denied} A process has requested access to an object, but has not been granted those access rights. (0xc0000022)
[1128/172009.236:ERROR:process_reader_win.cc(123)] NtOpenThread: {Access Denied} A process has requested access to an object, but has not been granted those access rights. (0xc0000022)
[1128/172009.236:ERROR:process_reader_win.cc(123)] NtOpenThread: {Access Denied} A process has requested access to an object, but has not been granted those access rights. (0xc0000022)
[1128/172009.236:ERROR:exception_snapshot_win.cc(99)] thread ID 14164 not found in process
[1128/172009.236:ERROR:exception_snapshot_win.cc(99)] thread ID 19024 not found in process
[1128/172009.236:ERROR:exception_snapshot_win.cc(99)] thread ID 7516 not found in process
[1128/172613.900:ERROR:process_reader_win.cc(123)] NtOpenThread: {Access Denied} A process has requested access to an object, but has not been granted those access rights. (0xc0000022)
[1128/172613.901:ERROR:exception_snapshot_win.cc(99)] thread ID 14500 not found in process
[1128/172613.903:ERROR:process_reader_win.cc(123)] NtOpenThread: {Access Denied} A process has requested access to an object, but has not been granted those access rights. (0xc0000022)
[1128/172613.904:ERROR:exception_snapshot_win.cc(99)] thread ID 19768 not found in process
[1128/172613.903:ERROR:process_reader_win.cc(123)] NtOpenThread: {Access Denied} A process has requested access to an object, but has not been granted those access rights. (0xc0000022)
[1128/172613.904:ERROR:exception_snapshot_win.cc(99)] thread ID 15620 not found in process
[1128/172613.919:ERROR:process_reader_win.cc(123)] NtOpenThread: {Access Denied} A process has requested access to an object, but has not been granted those access rights. (0xc0000022)
[1128/172613.919:ERROR:process_reader_win.cc(123)] NtOpenThread: {Access Denied} A process has requested access to an object, but has not been granted those access rights. (0xc0000022)
[1128/172613.919:ERROR:exception_snapshot_win.cc(99)] thread ID 10284 not found in process
[1128/172613.919:ERROR:exception_snapshot_win.cc(99)] thread ID 20696 not found in process
[1128/172613.921:ERROR:process_reader_win.cc(123)] NtOpenThread: {Access Denied} A process has requested access to an object, but has not been granted those access rights. (0xc0000022)
[1128/172613.921:ERROR:exception_snapshot_win.cc(99)] thread ID 14004 not found in process
[1128/173046.195:ERROR:process_reader_win.cc(123)] NtOpenThread: {Access Denied} A process has requested access to an object, but has not been granted those access rights. (0xc0000022)
[1128/173046.195:ERROR:process_reader_win.cc(123)] NtOpenThread: {Access Denied} A process has requested access to an object, but has not been granted those access rights. (0xc0000022)
[1128/173046.196:ERROR:exception_snapshot_win.cc(99)] thread ID 11256 not found in process
[1128/173046.196:ERROR:exception_snapshot_win.cc(99)] thread ID 21912 not found in process
[1128/173046.206:ERROR:process_reader_win.cc(123)] NtOpenThread: {Access Denied} A process has requested access to an object, but has not been granted those access rights. (0xc0000022)
[1128/173046.207:ERROR:exception_snapshot_win.cc(99)] thread ID 8440 not found in process
[1128/173333.681:ERROR:process_reader_win.cc(123)] NtOpenThread: {Access Denied} A process has requested access to an object, but has not been granted those access rights. (0xc0000022)
[1128/173333.681:ERROR:process_reader_win.cc(123)] NtOpenThread: {Access Denied} A process has requested access to an object, but has not been granted those access rights. (0xc0000022)
[1128/173333.682:ERROR:exception_snapshot_win.cc(99)] thread ID 19112 not found in process
[1128/173333.682:ERROR:exception_snapshot_win.cc(99)] thread ID 21276 not found in process
[1128/173333.694:ERROR:process_reader_win.cc(123)] NtOpenThread: {Access Denied} A process has requested access to an object, but has not been granted those access rights. (0xc0000022)
[1128/173333.694:ERROR:exception_snapshot_win.cc(99)] thread ID 21856 not found in process
[1128/173414.085:ERROR:process_reader_win.cc(123)] NtOpenThread: {Access Denied} A process has requested access to an object, but has not been granted those access rights. (0xc0000022)
[1128/173414.086:ERROR:exception_snapshot_win.cc(99)] thread ID 9608 not found in process
[1128/173414.095:ERROR:process_reader_win.cc(123)] NtOpenThread: {Access Denied} A process has requested access to an object, but has not been granted those access rights. (0xc0000022)
[1128/173414.095:ERROR:exception_snapshot_win.cc(99)] thread ID 11380 not found in process
[1128/173746.116:ERROR:process_reader_win.cc(123)] NtOpenThread: {Access Denied} A process has requested access to an object, but has not been granted those access rights. (0xc0000022)
[1128/173746.117:ERROR:exception_snapshot_win.cc(99)] thread ID 11968 not found in process
[1128/173746.118:ERROR:process_reader_win.cc(123)] NtOpenThread: {Access Denied} A process has requested access to an object, but has not been granted those access rights. (0xc0000022)
[1128/173746.119:ERROR:exception_snapshot_win.cc(99)] thread ID 11324 not found in process
[1128/173746.118:ERROR:process_reader_win.cc(123)] NtOpenThread: {Access Denied} A process has requested access to an object, but has not been granted those access rights. (0xc0000022)
[1128/173746.119:ERROR:exception_snapshot_win.cc(99)] thread ID 12412 not found in process
[1128/173746.118:ERROR:process_reader_win.cc(123)] NtOpenThread: {Access Denied} A process has requested access to an object, but has not been granted those access rights. (0xc0000022)
[1128/173746.119:ERROR:exception_snapshot_win.cc(99)] thread ID 5808 not found in process
[1128/173746.138:ERROR:process_reader_win.cc(123)] NtOpenThread: {Access Denied} A process has requested access to an object, but has not been granted those access rights. (0xc0000022)
[1128/173746.139:ERROR:exception_snapshot_win.cc(99)] thread ID 3304 not found in process
[1128/173746.139:ERROR:process_reader_win.cc(123)] NtOpenThread: {Access Denied} A process has requested access to an object, but has not been granted those access rights. (0xc0000022)
[1128/173746.139:ERROR:process_reader_win.cc(123)] NtOpenThread: {Access Denied} A process has requested access to an object, but has not been granted those access rights. (0xc0000022)
[1128/173746.139:ERROR:exception_snapshot_win.cc(99)] thread ID 19284 not found in process
[1128/173746.139:ERROR:exception_snapshot_win.cc(99)] thread ID 18420 not found in process
[1128/173841.794:ERROR:process_reader_win.cc(123)] NtOpenThread: {Access Denied} A process has requested access to an object, but has not been granted those access rights. (0xc0000022)
[1128/173841.794:ERROR:process_reader_win.cc(123)] NtOpenThread: {Access Denied} A process has requested access to an object, but has not been granted those access rights. (0xc0000022)
[1128/173841.795:ERROR:exception_snapshot_win.cc(99)] thread ID 18912 not found in process
[1128/173841.806:ERROR:process_reader_win.cc(123)] NtOpenThread: {Access Denied} A process has requested access to an object, but has not been granted those access rights. (0xc0000022)
[1128/173841.806:ERROR:exception_snapshot_win.cc(99)] thread ID 4120 not found in process
[1128/173930.421:ERROR:process_reader_win.cc(123)] NtOpenThread: {Access Denied} A process has requested access to an object, but has not been granted those access rights. (0xc0000022)
[1128/173930.422:ERROR:exception_snapshot_win.cc(99)] thread ID 13016 not found in process
[1128/173930.431:ERROR:process_reader_win.cc(123)] NtOpenThread: {Access Denied} A process has requested access to an object, but has not been granted those access rights. (0xc0000022)
[1128/173930.431:ERROR:exception_snapshot_win.cc(99)] thread ID 1748 not found in process
[1128/174436.629:ERROR:process_reader_win.cc(123)] NtOpenThread: {Access Denied} A process has requested access to an object, but has not been granted those access rights. (0xc0000022)
[1128/174436.629:ERROR:process_reader_win.cc(123)] NtOpenThread: {Access Denied} A process has requested access to an object, but has not been granted those access rights. (0xc0000022)
[1128/174436.629:ERROR:process_reader_win.cc(123)] NtOpenThread: {Access Denied} A process has requested access to an object, but has not been granted those access rights. (0xc0000022)
[1128/174436.629:ERROR:process_reader_win.cc(123)] NtOpenThread: {Access Denied} A process has requested access to an object, but has not been granted those access rights. (0xc0000022)
[1128/174436.631:ERROR:exception_snapshot_win.cc(99)] thread ID 10604 not found in process
[1128/174436.631:ERROR:exception_snapshot_win.cc(99)] thread ID 14532 not found in process
[1128/174436.631:ERROR:exception_snapshot_win.cc(99)] thread ID 17772 not found in process
[1128/174436.631:ERROR:exception_snapshot_win.cc(99)] thread ID 21416 not found in process
[1128/174436.648:ERROR:process_reader_win.cc(123)] NtOpenThread: {Access Denied} A process has requested access to an object, but has not been granted those access rights. (0xc0000022)
[1128/174436.648:ERROR:process_reader_win.cc(123)] NtOpenThread: {Access Denied} A process has requested access to an object, but has not been granted those access rights. (0xc0000022)
[1128/174436.648:ERROR:process_reader_win.cc(123)] NtOpenThread: {Access Denied} A process has requested access to an object, but has not been granted those access rights. (0xc0000022)
[1128/174436.649:ERROR:exception_snapshot_win.cc(99)] thread ID 13340 not found in process
[1128/174436.649:ERROR:exception_snapshot_win.cc(99)] thread ID 12988 not found in process
[1128/174436.649:ERROR:exception_snapshot_win.cc(99)] thread ID 19064 not found in process
[1128/174504.176:ERROR:process_reader_win.cc(123)] NtOpenThread: {Access Denied} A process has requested access to an object, but has not been granted those access rights. (0xc0000022)
[1128/174504.177:ERROR:exception_snapshot_win.cc(99)] thread ID 21592 not found in process
[1128/174504.186:ERROR:process_reader_win.cc(123)] NtOpenThread: {Access Denied} A process has requested access to an object, but has not been granted those access rights. (0xc0000022)
[1128/174504.186:ERROR:exception_snapshot_win.cc(99)] thread ID 2212 not found in process
[1128/175645.407:ERROR:directory_reader_win.cc(43)] FindFirstFile: The system cannot find the path specified. (0x3)
[1128/175751.997:ERROR:directory_reader_win.cc(43)] FindFirstFile: The system cannot find the path specified. (0x3)
[1128/175934.512:ERROR:directory_reader_win.cc(43)] FindFirstFile: The system cannot find the path specified. (0x3)
[1128/180104.965:ERROR:directory_reader_win.cc(43)] FindFirstFile: The system cannot find the path specified. (0x3)
[1128/180221.819:ERROR:directory_reader_win.cc(43)] FindFirstFile: The system cannot find the path specified. (0x3)
[1128/180349.933:ERROR:directory_reader_win.cc(43)] FindFirstFile: The system cannot find the path specified. (0x3)
[1128/181443.813:ERROR:process_reader_win.cc(123)] NtOpenThread: {Access Denied} A process has requested access to an object, but has not been granted those access rights. (0xc0000022)
[1128/181443.813:ERROR:process_reader_win.cc(123)] NtOpenThread: {Access Denied} A process has requested access to an object, but has not been granted those access rights. (0xc0000022)
[1128/181443.814:ERROR:exception_snapshot_win.cc(99)] thread ID 24476 not found in process
[1128/181443.814:ERROR:exception_snapshot_win.cc(99)] thread ID 23432 not found in process
[1128/181443.825:ERROR:process_reader_win.cc(123)] NtOpenThread: {Access Denied} A process has requested access to an object, but has not been granted those access rights. (0xc0000022)
[1128/181443.825:ERROR:exception_snapshot_win.cc(99)] thread ID 2700 not found in process
[1128/181535.111:ERROR:process_reader_win.cc(123)] NtOpenThread: {Access Denied} A process has requested access to an object, but has not been granted those access rights. (0xc0000022)
[1128/181535.112:ERROR:exception_snapshot_win.cc(99)] thread ID 21492 not found in process
[1128/181535.123:ERROR:process_reader_win.cc(123)] NtOpenThread: {Access Denied} A process has requested access to an object, but has not been granted those access rights. (0xc0000022)
[1128/181535.123:ERROR:exception_snapshot_win.cc(99)] thread ID 5160 not found in process
[1128/181551.312:ERROR:process_reader_win.cc(123)] NtOpenThread: {Access Denied} A process has requested access to an object, but has not been granted those access rights. (0xc0000022)
[1128/181551.313:ERROR:exception_snapshot_win.cc(99)] thread ID 16924 not found in process
[1128/181551.322:ERROR:process_reader_win.cc(123)] NtOpenThread: {Access Denied} A process has requested access to an object, but has not been granted those access rights. (0xc0000022)
[1128/181551.322:ERROR:exception_snapshot_win.cc(99)] thread ID 7264 not found in process
[1128/181653.026:ERROR:process_reader_win.cc(123)] NtOpenThread: {Access Denied} A process has requested access to an object, but has not been granted those access rights. (0xc0000022)
[1128/181653.027:ERROR:exception_snapshot_win.cc(99)] thread ID 18752 not found in process
[1128/181653.026:ERROR:process_reader_win.cc(123)] NtOpenThread: {Access Denied} A process has requested access to an object, but has not been granted those access rights. (0xc0000022)
[1128/181653.026:ERROR:process_reader_win.cc(123)] NtOpenThread: {Access Denied} A process has requested access to an object, but has not been granted those access rights. (0xc0000022)
[1128/181653.028:ERROR:exception_snapshot_win.cc(99)] thread ID 22652 not found in process
[1128/181653.028:ERROR:exception_snapshot_win.cc(99)] thread ID 9052 not found in process
[1128/181653.049:ERROR:process_reader_win.cc(123)] NtOpenThread: {Access Denied} A process has requested access to an object, but has not been granted those access rights. (0xc0000022)
[1128/181653.049:ERROR:process_reader_win.cc(123)] NtOpenThread: {Access Denied} A process has requested access to an object, but has not been granted those access rights. (0xc0000022)
[1128/181653.049:ERROR:process_reader_win.cc(123)] NtOpenThread: {Access Denied} A process has requested access to an object, but has not been granted those access rights. (0xc0000022)
[1128/181653.049:ERROR:exception_snapshot_win.cc(99)] thread ID 16448 not found in process
[1128/181653.049:ERROR:exception_snapshot_win.cc(99)] thread ID 6936 not found in process
[1128/181653.049:ERROR:exception_snapshot_win.cc(99)] thread ID 3576 not found in process
[1128/181735.678:ERROR:process_reader_win.cc(123)] NtOpenThread: {Access Denied} A process has requested access to an object, but has not been granted those access rights. (0xc0000022)
[1128/181735.679:ERROR:exception_snapshot_win.cc(99)] thread ID 3328 not found in process
[1128/181735.688:ERROR:process_reader_win.cc(123)] NtOpenThread: {Access Denied} A process has requested access to an object, but has not been granted those access rights. (0xc0000022)
[1128/181735.688:ERROR:exception_snapshot_win.cc(99)] thread ID 24468 not found in process
[1128/181752.594:ERROR:process_reader_win.cc(123)] NtOpenThread: {Access Denied} A process has requested access to an object, but has not been granted those access rights. (0xc0000022)
[1128/181752.594:ERROR:process_reader_win.cc(123)] NtOpenThread: {Access Denied} A process has requested access to an object, but has not been granted those access rights. (0xc0000022)
[1128/181752.594:ERROR:process_reader_win.cc(123)] NtOpenThread: {Access Denied} A process has requested access to an object, but has not been granted those access rights. (0xc0000022)
[1128/181752.595:ERROR:exception_snapshot_win.cc(99)] thread ID 21848 not found in process
[1128/181752.595:ERROR:exception_snapshot_win.cc(99)] thread ID 22088 not found in process
[1128/181752.595:ERROR:exception_snapshot_win.cc(99)] thread ID 19740 not found in process
[1128/181752.611:ERROR:process_reader_win.cc(123)] NtOpenThread: {Access Denied} A process has requested access to an object, but has not been granted those access rights. (0xc0000022)
[1128/181752.611:ERROR:exception_snapshot_win.cc(99)] thread ID 18924 not found in process
[1128/181752.611:ERROR:process_reader_win.cc(123)] NtOpenThread: {Access Denied} A process has requested access to an object, but has not been granted those access rights. (0xc0000022)
[1128/181752.611:ERROR:exception_snapshot_win.cc(99)] thread ID 20680 not found in process
[1128/181855.619:ERROR:process_reader_win.cc(123)] NtOpenThread: {Access Denied} A process has requested access to an object, but has not been granted those access rights. (0xc0000022)
[1128/181855.619:ERROR:exception_snapshot_win.cc(99)] thread ID 21388 not found in process
[1128/181855.619:ERROR:process_reader_win.cc(123)] NtOpenThread: {Access Denied} A process has requested access to an object, but has not been granted those access rights. (0xc0000022)
[1128/181855.619:ERROR:exception_snapshot_win.cc(99)] thread ID 12816 not found in process
[1128/181855.636:ERROR:process_reader_win.cc(123)] NtOpenThread: {Access Denied} A process has requested access to an object, but has not been granted those access rights. (0xc0000022)
[1128/181855.636:ERROR:process_reader_win.cc(123)] NtOpenThread: {Access Denied} A process has requested access to an object, but has not been granted those access rights. (0xc0000022)
[1128/181855.636:ERROR:exception_snapshot_win.cc(99)] thread ID 12936 not found in process
[1128/181855.636:ERROR:exception_snapshot_win.cc(99)] thread ID 21032 not found in process
[1128/181933.300:ERROR:process_reader_win.cc(123)] NtOpenThread: {Access Denied} A process has requested access to an object, but has not been granted those access rights. (0xc0000022)
[1128/181933.301:ERROR:exception_snapshot_win.cc(99)] thread ID 12032 not found in process
[1128/181933.309:ERROR:process_reader_win.cc(123)] NtOpenThread: {Access Denied} A process has requested access to an object, but has not been granted those access rights. (0xc0000022)
[1128/181933.309:ERROR:exception_snapshot_win.cc(99)] thread ID 11600 not found in process
[1128/181947.833:ERROR:process_reader_win.cc(123)] NtOpenThread: {Access Denied} A process has requested access to an object, but has not been granted those access rights. (0xc0000022)
[1128/181947.834:ERROR:exception_snapshot_win.cc(99)] thread ID 14472 not found in process
[1128/181947.843:ERROR:process_reader_win.cc(123)] NtOpenThread: {Access Denied} A process has requested access to an object, but has not been granted those access rights. (0xc0000022)
[1128/181947.843:ERROR:exception_snapshot_win.cc(99)] thread ID 21528 not found in process
[1128/182020.739:ERROR:process_reader_win.cc(123)] NtOpenThread: {Access Denied} A process has requested access to an object, but has not been granted those access rights. (0xc0000022)
[1128/182020.740:ERROR:exception_snapshot_win.cc(99)] thread ID 17960 not found in process
[1128/182020.749:ERROR:process_reader_win.cc(123)] NtOpenThread: {Access Denied} A process has requested access to an object, but has not been granted those access rights. (0xc0000022)
[1128/182020.749:ERROR:exception_snapshot_win.cc(99)] thread ID 19056 not found in process
[1128/182114.573:ERROR:process_reader_win.cc(123)] NtOpenThread: {Access Denied} A process has requested access to an object, but has not been granted those access rights. (0xc0000022)
[1128/182114.574:ERROR:exception_snapshot_win.cc(99)] thread ID 21440 not found in process
[1128/182114.584:ERROR:process_reader_win.cc(123)] NtOpenThread: {Access Denied} A process has requested access to an object, but has not been granted those access rights. (0xc0000022)
[1128/182114.584:ERROR:exception_snapshot_win.cc(99)] thread ID 18060 not found in process
[1128/182243.708:ERROR:process_reader_win.cc(123)] NtOpenThread: {Access Denied} A process has requested access to an object, but has not been granted those access rights. (0xc0000022)
[1128/182243.709:ERROR:exception_snapshot_win.cc(99)] thread ID 24300 not found in process
[1128/182243.719:ERROR:process_reader_win.cc(123)] NtOpenThread: {Access Denied} A process has requested access to an object, but has not been granted those access rights. (0xc0000022)
[1128/182243.719:ERROR:exception_snapshot_win.cc(99)] thread ID 24396 not found in process
[1128/182417.007:ERROR:process_reader_win.cc(123)] NtOpenThread: {Access Denied} A process has requested access to an object, but has not been granted those access rights. (0xc0000022)
[1128/182417.008:ERROR:exception_snapshot_win.cc(99)] thread ID 20872 not found in process
[1128/182417.017:ERROR:process_reader_win.cc(123)] NtOpenThread: {Access Denied} A process has requested access to an object, but has not been granted those access rights. (0xc0000022)
[1128/182417.017:ERROR:exception_snapshot_win.cc(99)] thread ID 19848 not found in process
[1128/182502.527:ERROR:process_reader_win.cc(123)] NtOpenThread: {Access Denied} A process has requested access to an object, but has not been granted those access rights. (0xc0000022)
[1128/182502.528:ERROR:exception_snapshot_win.cc(99)] thread ID 20748 not found in process
[1128/182502.538:ERROR:process_reader_win.cc(123)] NtOpenThread: {Access Denied} A process has requested access to an object, but has not been granted those access rights. (0xc0000022)
[1128/182502.538:ERROR:exception_snapshot_win.cc(99)] thread ID 7792 not found in process
[1128/182816.733:ERROR:process_reader_win.cc(123)] NtOpenThread: {Access Denied} A process has requested access to an object, but has not been granted those access rights. (0xc0000022)
[1128/182816.733:ERROR:process_reader_win.cc(123)] NtOpenThread: {Access Denied} A process has requested access to an object, but has not been granted those access rights. (0xc0000022)
[1128/182816.734:ERROR:exception_snapshot_win.cc(99)] thread ID 15880 not found in process
[1128/182816.734:ERROR:exception_snapshot_win.cc(99)] thread ID 1632 not found in process
[1128/182816.751:ERROR:process_reader_win.cc(123)] NtOpenThread: {Access Denied} A process has requested access to an object, but has not been granted those access rights. (0xc0000022)
[1128/182816.751:ERROR:exception_snapshot_win.cc(99)] thread ID 22436 not found in process
[1128/183111.881:ERROR:process_reader_win.cc(123)] NtOpenThread: {Access Denied} A process has requested access to an object, but has not been granted those access rights. (0xc0000022)
[1128/183111.882:ERROR:exception_snapshot_win.cc(99)] thread ID 1660 not found in process
[1128/183111.895:ERROR:process_reader_win.cc(123)] NtOpenThread: {Access Denied} A process has requested access to an object, but has not been granted those access rights. (0xc0000022)
[1128/183111.895:ERROR:exception_snapshot_win.cc(99)] thread ID 23244 not found in process
[1128/183246.521:ERROR:process_reader_win.cc(123)] NtOpenThread: {Access Denied} A process has requested access to an object, but has not been granted those access rights. (0xc0000022)
[1128/183246.522:ERROR:exception_snapshot_win.cc(99)] thread ID 9976 not found in process
[1128/183246.521:ERROR:process_reader_win.cc(123)] NtOpenThread: {Access Denied} A process has requested access to an object, but has not been granted those access rights. (0xc0000022)
[1128/183246.522:ERROR:exception_snapshot_win.cc(99)] thread ID 1964 not found in process
[1128/183246.533:ERROR:process_reader_win.cc(123)] NtOpenThread: {Access Denied} A process has requested access to an object, but has not been granted those access rights. (0xc0000022)
[1128/183246.533:ERROR:exception_snapshot_win.cc(99)] thread ID 8680 not found in process
[1128/184110.458:ERROR:process_reader_win.cc(123)] NtOpenThread: {Access Denied} A process has requested access to an object, but has not been granted those access rights. (0xc0000022)
[1128/184110.459:ERROR:exception_snapshot_win.cc(99)] thread ID 17836 not found in process
[1128/184110.469:ERROR:process_reader_win.cc(123)] NtOpenThread: {Access Denied} A process has requested access to an object, but has not been granted those access rights. (0xc0000022)
[1128/184110.469:ERROR:exception_snapshot_win.cc(99)] thread ID 22076 not found in process
[1128/184118.786:ERROR:process_reader_win.cc(123)] NtOpenThread: {Access Denied} A process has requested access to an object, but has not been granted those access rights. (0xc0000022)
[1128/184118.787:ERROR:exception_snapshot_win.cc(99)] thread ID 4524 not found in process
[1128/184118.798:ERROR:process_reader_win.cc(123)] NtOpenThread: {Access Denied} A process has requested access to an object, but has not been granted those access rights. (0xc0000022)
[1128/184118.798:ERROR:exception_snapshot_win.cc(99)] thread ID 19804 not found in process
[1128/184125.756:ERROR:process_reader_win.cc(123)] NtOpenThread: {Access Denied} A process has requested access to an object, but has not been granted those access rights. (0xc0000022)
[1128/184125.757:ERROR:exception_snapshot_win.cc(99)] thread ID 11536 not found in process
[1128/184125.768:ERROR:process_reader_win.cc(123)] NtOpenThread: {Access Denied} A process has requested access to an object, but has not been granted those access rights. (0xc0000022)
[1128/184125.768:ERROR:exception_snapshot_win.cc(99)] thread ID 10192 not found in process
[1128/184128.402:ERROR:process_reader_win.cc(123)] NtOpenThread: {Access Denied} A process has requested access to an object, but has not been granted those access rights. (0xc0000022)
[1128/184128.403:ERROR:exception_snapshot_win.cc(99)] thread ID 19916 not found in process
[1128/184129.173:ERROR:process_reader_win.cc(123)] NtOpenThread: {Access Denied} A process has requested access to an object, but has not been granted those access rights. (0xc0000022)
[1128/184129.173:ERROR:exception_snapshot_win.cc(99)] thread ID 21860 not found in process
[1128/184130.372:ERROR:process_reader_win.cc(123)] NtOpenThread: {Access Denied} A process has requested access to an object, but has not been granted those access rights. (0xc0000022)
[1128/184130.372:ERROR:exception_snapshot_win.cc(99)] thread ID 13916 not found in process
[1128/184131.331:ERROR:process_reader_win.cc(123)] NtOpenThread: {Access Denied} A process has requested access to an object, but has not been granted those access rights. (0xc0000022)
[1128/184131.331:ERROR:exception_snapshot_win.cc(99)] thread ID 1204 not found in process
[1128/184132.280:ERROR:process_reader_win.cc(123)] NtOpenThread: {Access Denied} A process has requested access to an object, but has not been granted those access rights. (0xc0000022)
[1128/184132.280:ERROR:exception_snapshot_win.cc(99)] thread ID 24144 not found in process
[1128/184136.070:ERROR:process_reader_win.cc(123)] NtOpenThread: {Access Denied} A process has requested access to an object, but has not been granted those access rights. (0xc0000022)
[1128/184136.070:ERROR:exception_snapshot_win.cc(99)] thread ID 23032 not found in process
[1128/184136.297:ERROR:process_reader_win.cc(123)] NtOpenThread: {Access Denied} A process has requested access to an object, but has not been granted those access rights. (0xc0000022)
[1128/184136.297:ERROR:exception_snapshot_win.cc(99)] thread ID 6504 not found in process
[1128/184136.479:ERROR:process_reader_win.cc(123)] NtOpenThread: {Access Denied} A process has requested access to an object, but has not been granted those access rights. (0xc0000022)
[1128/184136.479:ERROR:exception_snapshot_win.cc(99)] thread ID 5772 not found in process
[1128/184136.648:ERROR:process_reader_win.cc(123)] NtOpenThread: {Access Denied} A process has requested access to an object, but has not been granted those access rights. (0xc0000022)
[1128/184136.648:ERROR:exception_snapshot_win.cc(99)] thread ID 18840 not found in process
[1128/184136.822:ERROR:process_reader_win.cc(123)] NtOpenThread: {Access Denied} A process has requested access to an object, but has not been granted those access rights. (0xc0000022)
[1128/184136.823:ERROR:exception_snapshot_win.cc(99)] thread ID 21824 not found in process
[1128/184136.991:ERROR:process_reader_win.cc(123)] NtOpenThread: {Access Denied} A process has requested access to an object, but has not been granted those access rights. (0xc0000022)
[1128/184136.991:ERROR:exception_snapshot_win.cc(99)] thread ID 8556 not found in process
[1128/184137.164:ERROR:process_reader_win.cc(123)] NtOpenThread: {Access Denied} A process has requested access to an object, but has not been granted those access rights. (0xc0000022)
[1128/184137.164:ERROR:exception_snapshot_win.cc(99)] thread ID 20672 not found in process
[1128/184137.341:ERROR:process_reader_win.cc(123)] NtOpenThread: {Access Denied} A process has requested access to an object, but has not been granted those access rights. (0xc0000022)
[1128/184137.341:ERROR:exception_snapshot_win.cc(99)] thread ID 11916 not found in process
[1128/184137.528:ERROR:process_reader_win.cc(123)] NtOpenThread: {Access Denied} A process has requested access to an object, but has not been granted those access rights. (0xc0000022)
[1128/184137.528:ERROR:exception_snapshot_win.cc(99)] thread ID 10540 not found in process
[1128/184137.788:ERROR:process_reader_win.cc(123)] NtOpenThread: {Access Denied} A process has requested access to an object, but has not been granted those access rights. (0xc0000022)
[1128/184137.788:ERROR:exception_snapshot_win.cc(99)] thread ID 22208 not found in process
[1128/184139.308:ERROR:process_reader_win.cc(123)] NtOpenThread: {Access Denied} A process has requested access to an object, but has not been granted those access rights. (0xc0000022)
[1128/184139.309:ERROR:exception_snapshot_win.cc(99)] thread ID 20628 not found in process
[1128/184140.479:ERROR:process_reader_win.cc(123)] NtOpenThread: {Access Denied} A process has requested access to an object, but has not been granted those access rights. (0xc0000022)
[1128/184140.479:ERROR:exception_snapshot_win.cc(99)] thread ID 10468 not found in process
[1128/184144.100:ERROR:process_reader_win.cc(123)] NtOpenThread: {Access Denied} A process has requested access to an object, but has not been granted those access rights. (0xc0000022)
[1128/184144.101:ERROR:exception_snapshot_win.cc(99)] thread ID 14688 not found in process
[1128/184144.113:ERROR:process_reader_win.cc(123)] NtOpenThread: {Access Denied} A process has requested access to an object, but has not been granted those access rights. (0xc0000022)
[1128/184144.113:ERROR:exception_snapshot_win.cc(99)] thread ID 24472 not found in process
[1128/184324.013:ERROR:process_reader_win.cc(123)] NtOpenThread: {Access Denied} A process has requested access to an object, but has not been granted those access rights. (0xc0000022)
[1128/184324.014:ERROR:exception_snapshot_win.cc(99)] thread ID 10876 not found in process
[1128/184324.024:ERROR:process_reader_win.cc(123)] NtOpenThread: {Access Denied} A process has requested access to an object, but has not been granted those access rights. (0xc0000022)
[1128/184324.024:ERROR:exception_snapshot_win.cc(99)] thread ID 7568 not found in process
[1128/185457.415:ERROR:directory_reader_win.cc(43)] FindFirstFile: The system cannot find the path specified. (0x3)
[1128/185604.298:ERROR:directory_reader_win.cc(43)] FindFirstFile: The system cannot find the path specified. (0x3)
[1128/185744.782:ERROR:directory_reader_win.cc(43)] FindFirstFile: The system cannot find the path specified. (0x3)
[1128/185900.869:ERROR:directory_reader_win.cc(43)] FindFirstFile: The system cannot find the path specified. (0x3)
[1128/190029.483:ERROR:directory_reader_win.cc(43)] FindFirstFile: The system cannot find the path specified. (0x3)
[1128/191058.028:ERROR:directory_reader_win.cc(43)] FindFirstFile: The system cannot find the path specified. (0x3)
[1128/191248.623:ERROR:directory_reader_win.cc(43)] FindFirstFile: The system cannot find the path specified. (0x3)
[1128/191444.442:ERROR:directory_reader_win.cc(43)] FindFirstFile: The system cannot find the path specified. (0x3)
[1128/191614.850:ERROR:directory_reader_win.cc(43)] FindFirstFile: The system cannot find the path specified. (0x3)
[1128/191745.017:ERROR:directory_reader_win.cc(43)] FindFirstFile: The system cannot find the path specified. (0x3)
[1128/191926.904:ERROR:directory_reader_win.cc(43)] FindFirstFile: The system cannot find the path specified. (0x3)
[1128/192956.621:ERROR:directory_reader_win.cc(43)] FindFirstFile: The system cannot find the path specified. (0x3)
[1128/193214.592:ERROR:directory_reader_win.cc(43)] FindFirstFile: The system cannot find the path specified. (0x3)
[1128/193344.753:ERROR:directory_reader_win.cc(43)] FindFirstFile: The system cannot find the path specified. (0x3)
[1128/193500.869:ERROR:directory_reader_win.cc(43)] FindFirstFile: The system cannot find the path specified. (0x3)
[1128/193630.954:ERROR:directory_reader_win.cc(43)] FindFirstFile: The system cannot find the path specified. (0x3)
[1128/193826.928:ERROR:directory_reader_win.cc(43)] FindFirstFile: The system cannot find the path specified. (0x3)
[1128/194944.297:ERROR:directory_reader_win.cc(43)] FindFirstFile: The system cannot find the path specified. (0x3)
[1128/195125.724:ERROR:directory_reader_win.cc(43)] FindFirstFile: The system cannot find the path specified. (0x3)
[1128/195256.007:ERROR:directory_reader_win.cc(43)] FindFirstFile: The system cannot find the path specified. (0x3)
[1128/195437.866:ERROR:directory_reader_win.cc(43)] FindFirstFile: The system cannot find the path specified. (0x3)
[1128/195608.162:ERROR:directory_reader_win.cc(43)] FindFirstFile: The system cannot find the path specified. (0x3)
[1128/195724.875:ERROR:directory_reader_win.cc(43)] FindFirstFile: The system cannot find the path specified. (0x3)
[1128/200821.180:ERROR:directory_reader_win.cc(43)] FindFirstFile: The system cannot find the path specified. (0x3)
[1128/201010.143:ERROR:process_reader_win.cc(151)] SuspendThread: Access is denied. (0x5)
[1128/201010.143:ERROR:process_reader_win.cc(123)] NtOpenThread: {Access Denied} A process has requested access to an object, but has not been granted those access rights. (0xc0000022)
[1128/201010.144:ERROR:exception_snapshot_win.cc(99)] thread ID 25928 not found in process
[1128/201010.143:ERROR:process_reader_win.cc(123)] NtOpenThread: {Access Denied} A process has requested access to an object, but has not been granted those access rights. (0xc0000022)
[1128/201010.144:ERROR:exception_snapshot_win.cc(99)] thread ID 1712 not found in process
[1128/201010.143:ERROR:process_reader_win.cc(123)] NtOpenThread: {Access Denied} A process has requested access to an object, but has not been granted those access rights. (0xc0000022)
[1128/201010.144:ERROR:exception_snapshot_win.cc(99)] thread ID 21792 not found in process
[1128/201010.143:ERROR:process_reader_win.cc(151)] SuspendThread: Access is denied. (0x5)
[1128/201010.144:ERROR:process_reader_win.cc(151)] SuspendThread: Access is denied. (0x5)
[1128/201010.143:ERROR:process_reader_win.cc(151)] SuspendThread: Access is denied. (0x5)
[1128/201010.143:ERROR:process_reader_win.cc(151)] SuspendThread: Access is denied. (0x5)
[1128/201010.145:ERROR:process_reader_win.cc(151)] SuspendThread: Access is denied. (0x5)
[1128/201010.143:ERROR:process_reader_win.cc(151)] SuspendThread: Access is denied. (0x5)
[1128/201010.144:ERROR:process_reader_win.cc(123)] NtOpenThread: {Access Denied} A process has requested access to an object, but has not been granted those access rights. (0xc0000022)
[1128/201010.143:ERROR:process_reader_win.cc(151)] SuspendThread: Access is denied. (0x5)
[1128/201010.145:ERROR:exception_snapshot_win.cc(99)] thread ID 9448 not found in process
[1128/201010.145:ERROR:process_reader_win.cc(151)] SuspendThread: Access is denied. (0x5)
[1128/201010.145:ERROR:process_reader_win.cc(123)] NtOpenThread: {Access Denied} A process has requested access to an object, but has not been granted those access rights. (0xc0000022)
[1128/201010.145:ERROR:exception_snapshot_win.cc(99)] thread ID 22904 not found in process
[1128/201010.145:ERROR:process_reader_win.cc(123)] NtOpenThread: {Access Denied} A process has requested access to an object, but has not been granted those access rights. (0xc0000022)
[1128/201010.145:ERROR:exception_snapshot_win.cc(99)] thread ID 25028 not found in process
[1128/201010.145:ERROR:process_reader_win.cc(123)] NtOpenThread: {Access Denied} A process has requested access to an object, but has not been granted those access rights. (0xc0000022)
[1128/201010.145:ERROR:exception_snapshot_win.cc(99)] thread ID 22280 not found in process
[1128/201010.145:ERROR:process_reader_win.cc(123)] NtOpenThread: {Access Denied} A process has requested access to an object, but has not been granted those access rights. (0xc0000022)
[1128/201010.145:ERROR:exception_snapshot_win.cc(99)] thread ID 19240 not found in process
[1128/201010.149:ERROR:process_reader_win.cc(151)] SuspendThread: Access is denied. (0x5)
[1128/201010.149:ERROR:process_reader_win.cc(123)] NtOpenThread: {Access Denied} A process has requested access to an object, but has not been granted those access rights. (0xc0000022)
[1128/201010.149:ERROR:exception_snapshot_win.cc(99)] thread ID 7992 not found in process
[1128/201010.149:ERROR:process_reader_win.cc(151)] SuspendThread: Access is denied. (0x5)
[1128/201010.150:ERROR:process_reader_win.cc(123)] NtOpenThread: {Access Denied} A process has requested access to an object, but has not been granted those access rights. (0xc0000022)
[1128/201010.150:ERROR:exception_snapshot_win.cc(99)] thread ID 22040 not found in process
[1128/201010.194:ERROR:process_reader_win.cc(123)] NtOpenThread: {Access Denied} A process has requested access to an object, but has not been granted those access rights. (0xc0000022)
[1128/201010.194:ERROR:process_reader_win.cc(123)] NtOpenThread: {Access Denied} A process has requested access to an object, but has not been granted those access rights. (0xc0000022)
[1128/201010.195:ERROR:exception_snapshot_win.cc(99)] thread ID 3160 not found in process
[1128/201010.195:ERROR:exception_snapshot_win.cc(99)] thread ID 22356 not found in process
[1128/201010.195:ERROR:process_reader_win.cc(123)] NtOpenThread: {Access Denied} A process has requested access to an object, but has not been granted those access rights. (0xc0000022)
[1128/201010.195:ERROR:process_reader_win.cc(123)] NtOpenThread: {Access Denied} A process has requested access to an object, but has not been granted those access rights. (0xc0000022)
[1128/201010.195:ERROR:process_reader_win.cc(123)] NtOpenThread: {Access Denied} A process has requested access to an object, but has not been granted those access rights. (0xc0000022)
[1128/201010.196:ERROR:process_reader_win.cc(123)] NtOpenThread: {Access Denied} A process has requested access to an object, but has not been granted those access rights. (0xc0000022)
[1128/201010.196:ERROR:process_reader_win.cc(123)] NtOpenThread: {Access Denied} A process has requested access to an object, but has not been granted those access rights. (0xc0000022)
[1128/201010.196:ERROR:exception_snapshot_win.cc(99)] thread ID 25184 not found in process
[1128/201010.196:ERROR:exception_snapshot_win.cc(99)] thread ID 17592 not found in process
[1128/201010.196:ERROR:exception_snapshot_win.cc(99)] thread ID 17448 not found in process
[1128/201010.196:ERROR:exception_snapshot_win.cc(99)] thread ID 10472 not found in process
[1128/201010.196:ERROR:exception_snapshot_win.cc(99)] thread ID 13792 not found in process
[1128/201010.196:ERROR:process_reader_win.cc(123)] NtOpenThread: {Access Denied} A process has requested access to an object, but has not been granted those access rights. (0xc0000022)
[1128/201010.196:ERROR:exception_snapshot_win.cc(99)] thread ID 12100 not found in process
[1128/201010.202:ERROR:process_reader_win.cc(123)] NtOpenThread: {Access Denied} A process has requested access to an object, but has not been granted those access rights. (0xc0000022)
[1128/201010.202:ERROR:exception_snapshot_win.cc(99)] thread ID 13916 not found in process
[1128/201010.211:ERROR:process_reader_win.cc(123)] NtOpenThread: {Access Denied} A process has requested access to an object, but has not been granted those access rights. (0xc0000022)
[1128/201010.211:ERROR:exception_snapshot_win.cc(99)] thread ID 15256 not found in process
