2020.11.28 12:32:32 INFO  Started: Metals version 0.9.7 in workspace 'C:\Users\marti\Desktop\4th year\distributed systems\distributedProject' for client vscode.
2020.11.28 12:32:34 INFO  time: initialize in 1.27s
2020.11.28 12:32:34 WARN  Build server is not auto-connectable.
2020.11.28 12:32:34 WARN  no build tool detected in workspace 'C:\Users\marti\Desktop\4th year\distributed systems\distributedProject'. The most common cause for this problem is that the editor was opened in the wrong working directory, for example if you use sbt then the workspace directory should contain build.sbt. 
2020.11.28 15:03:42 INFO  shutting down Metals
2020.11.28 15:04:19 INFO  Started: Metals version 0.9.7 in workspace 'C:\Users\marti\Desktop\4th year\distributed systems\distributedProject' for client vscode.
2020.11.28 15:07:55 INFO  Started: Metals version 0.9.7 in workspace 'C:\Users\marti\Desktop\4th year\distributed systems\distributedProject' for client vscode.
2020.11.28 15:07:56 INFO  time: initialize in 1.45s
2020.11.28 15:08:01 WARN  Build server is not auto-connectable.
2020.11.28 15:08:01 WARN  no build tool detected in workspace 'C:\Users\marti\Desktop\4th year\distributed systems\distributedProject'. The most common cause for this problem is that the editor was opened in the wrong working directory, for example if you use sbt then the workspace directory should contain build.sbt. 
2020.11.28 15:15:33 INFO  shutting down Metals
2020.11.28 15:17:40 INFO  Started: Metals version 0.9.7 in workspace 'C:\Users\marti\Desktop\4th year\distributed systems\distributedProject' for client vscode.
2020.11.28 15:17:41 INFO  time: initialize in 1.43s
2020.11.28 15:17:42 WARN  Build server is not auto-connectable.
2020.11.28 15:17:42 WARN  no build tool detected in workspace 'C:\Users\marti\Desktop\4th year\distributed systems\distributedProject'. The most common cause for this problem is that the editor was opened in the wrong working directory, for example if you use sbt then the workspace directory should contain build.sbt. 
2020.11.29 13:34:38 INFO  shutting down Metals
2020.12.01 22:09:59 INFO  Started: Metals version 0.9.7 in workspace 'C:\Users\marti\Desktop\4th year\distributed systems\distributedProject' for client vscode.
2020.12.01 22:10:01 INFO  time: initialize in 1.19s
2020.12.01 22:10:01 WARN  Build server is not auto-connectable.
2020.12.01 22:10:01 WARN  no build tool detected in workspace 'C:\Users\marti\Desktop\4th year\distributed systems\distributedProject'. The most common cause for this problem is that the editor was opened in the wrong working directory, for example if you use sbt then the workspace directory should contain build.sbt. 
Dec 01, 2020 11:24:57 PM org.eclipse.lsp4j.jsonrpc.services.GenericEndpoint notify
INFO: Unsupported notification method: $/setTraceNotification
2020.12.01 23:45:34 INFO  shutting down Metals
2020.12.01 23:46:00 INFO  Started: Metals version 0.9.7 in workspace 'C:\Users\marti\Desktop\4th year\distributed systems\distributedProject' for client vscode.
2020.12.01 23:46:02 INFO  time: initialize in 1.54s
2020.12.01 23:46:02 WARN  Build server is not auto-connectable.
2020.12.01 23:46:02 WARN  no build tool detected in workspace 'C:\Users\marti\Desktop\4th year\distributed systems\distributedProject'. The most common cause for this problem is that the editor was opened in the wrong working directory, for example if you use sbt then the workspace directory should contain build.sbt. 
2020.12.03 12:21:24 INFO  shutting down Metals
2020.12.03 12:21:50 INFO  Started: Metals version 0.9.7 in workspace 'C:\Users\marti\Desktop\4th year\distributed systems\distributedProject' for client vscode.
2020.12.03 12:21:51 INFO  time: initialize in 1.49s
2020.12.03 12:21:52 WARN  Build server is not auto-connectable.
2020.12.03 12:21:52 WARN  no build tool detected in workspace 'C:\Users\marti\Desktop\4th year\distributed systems\distributedProject'. The most common cause for this problem is that the editor was opened in the wrong working directory, for example if you use sbt then the workspace directory should contain build.sbt. 
2020.12.03 12:24:53 INFO  shutting down Metals
2020.12.03 16:50:31 INFO  Started: Metals version 0.9.7 in workspace 'C:\Users\marti\Desktop\4th year\distributed systems\distributedProject' for client vscode.
2020.12.03 16:50:33 INFO  time: initialize in 1.19s
2020.12.03 16:50:33 WARN  Build server is not auto-connectable.
2020.12.03 16:50:33 WARN  no build tool detected in workspace 'C:\Users\marti\Desktop\4th year\distributed systems\distributedProject'. The most common cause for this problem is that the editor was opened in the wrong working directory, for example if you use sbt then the workspace directory should contain build.sbt. 
2020.12.03 17:14:21 INFO  shutting down Metals
2020.12.03 22:21:44 INFO  Started: Metals version 0.9.7 in workspace 'C:\Users\marti\Desktop\4th year\distributed systems\distributedProject' for client vscode.
2020.12.03 22:21:46 INFO  time: initialize in 1.61s
2020.12.03 22:21:46 WARN  Build server is not auto-connectable.
2020.12.03 22:21:46 WARN  no build tool detected in workspace 'C:\Users\marti\Desktop\4th year\distributed systems\distributedProject'. The most common cause for this problem is that the editor was opened in the wrong working directory, for example if you use sbt then the workspace directory should contain build.sbt. 
2020.12.03 23:34:18 INFO  shutting down Metals
2020.12.04 18:20:17 INFO  Started: Metals version 0.9.7 in workspace 'C:\Users\marti\Desktop\4th year\distributed systems\distributedProject' for client vscode.
2020.12.04 18:20:19 INFO  time: initialize in 1.32s
2020.12.04 18:20:19 WARN  Build server is not auto-connectable.
2020.12.04 18:20:19 WARN  no build tool detected in workspace 'C:\Users\marti\Desktop\4th year\distributed systems\distributedProject'. The most common cause for this problem is that the editor was opened in the wrong working directory, for example if you use sbt then the workspace directory should contain build.sbt. 
2020.12.04 19:45:12 INFO  shutting down Metals
2020.12.05 17:38:05 INFO  Started: Metals version 0.9.7 in workspace 'C:\Users\marti\Desktop\4th year\distributed systems\distributedProject' for client vscode.
2020.12.05 17:38:07 INFO  time: initialize in 1.51s
2020.12.05 17:38:07 WARN  Build server is not auto-connectable.
2020.12.05 17:38:07 WARN  no build tool detected in workspace 'C:\Users\marti\Desktop\4th year\distributed systems\distributedProject'. The most common cause for this problem is that the editor was opened in the wrong working directory, for example if you use sbt then the workspace directory should contain build.sbt. 
2020.12.05 18:33:10 INFO  shutting down Metals
2020.12.06 19:38:58 INFO  Started: Metals version 0.9.7 in workspace 'C:\Users\marti\Desktop\4th year\distributed systems\distributedProject' for client vscode.
2020.12.06 19:39:00 INFO  time: initialize in 1.52s
2020.12.06 19:39:00 WARN  Build server is not auto-connectable.
2020.12.06 19:39:00 WARN  no build tool detected in workspace 'C:\Users\marti\Desktop\4th year\distributed systems\distributedProject'. The most common cause for this problem is that the editor was opened in the wrong working directory, for example if you use sbt then the workspace directory should contain build.sbt. 
2020.12.06 21:13:48 INFO  shutting down Metals
2020.12.06 22:38:55 INFO  Started: Metals version 0.9.7 in workspace 'C:\Users\marti\Desktop\4th year\distributed systems\distributedProject' for client vscode.
2020.12.06 22:38:57 INFO  time: initialize in 1.66s
2020.12.06 22:38:58 WARN  Build server is not auto-connectable.
2020.12.06 22:38:58 WARN  no build tool detected in workspace 'C:\Users\marti\Desktop\4th year\distributed systems\distributedProject'. The most common cause for this problem is that the editor was opened in the wrong working directory, for example if you use sbt then the workspace directory should contain build.sbt. 
Dec 06, 2020 10:48:46 PM org.eclipse.lsp4j.jsonrpc.services.GenericEndpoint notify
INFO: Unsupported notification method: $/setTraceNotification
2020.12.06 23:19:02 INFO  shutting down Metals
